INSTRUMENTATION_STATUS: class=com.keepassdroid.tests.output.PwManagerOutputTest
INSTRUMENTATION_STATUS: current=1
INSTRUMENTATION_STATUS: id=AndroidJUnitRunner
INSTRUMENTATION_STATUS: numtests=1
INSTRUMENTATION_STATUS: stream=
com.keepassdroid.tests.output.PwManagerOutputTest:
INSTRUMENTATION_STATUS: test=testChecksum
INSTRUMENTATION_STATUS_CODE: 1
INSTRUMENTATION_STATUS: class=com.keepassdroid.tests.output.PwManagerOutputTest
INSTRUMENTATION_STATUS: current=1
INSTRUMENTATION_STATUS: id=AndroidJUnitRunner
INSTRUMENTATION_STATUS: numtests=1
INSTRUMENTATION_STATUS: stack=Hash of groups and entries failed.: arrays first differed at element [0]; expected:<104> but was:<18>
	at org.junit.internal.ComparisonCriteria.arrayEquals(ComparisonCriteria.java:78)
	at org.junit.internal.ComparisonCriteria.arrayEquals(ComparisonCriteria.java:28)
	at org.junit.Assert.internalArrayEquals(Assert.java:534)
	at org.junit.Assert.assertArrayEquals(Assert.java:343)
	at com.keepassdroid.tests.output.PwManagerOutputTest.testChecksum(PwManagerOutputTest.java:88)
	... 32 trimmed
Caused by: java.lang.AssertionError: expected:<104> but was:<18>
	at org.junit.Assert.fail(Assert.java:89)
	at org.junit.Assert.failNotEquals(Assert.java:835)
	at org.junit.Assert.assertEquals(Assert.java:120)
	at org.junit.Assert.assertEquals(Assert.java:146)
	at org.junit.internal.ExactComparisonCriteria.assertElementsEqual(ExactComparisonCriteria.java:8)
	at org.junit.internal.ComparisonCriteria.arrayEquals(ComparisonCriteria.java:76)
	... 37 more

INSTRUMENTATION_STATUS: stream=
Error in testChecksum(com.keepassdroid.tests.output.PwManagerOutputTest):
Hash of groups and entries failed.: arrays first differed at element [0]; expected:<104> but was:<18>
	at org.junit.internal.ComparisonCriteria.arrayEquals(ComparisonCriteria.java:78)
	at org.junit.internal.ComparisonCriteria.arrayEquals(ComparisonCriteria.java:28)
	at org.junit.Assert.internalArrayEquals(Assert.java:534)
	at org.junit.Assert.assertArrayEquals(Assert.java:343)
	at com.keepassdroid.tests.output.PwManagerOutputTest.testChecksum(PwManagerOutputTest.java:88)
	... 32 trimmed
Caused by: java.lang.AssertionError: expected:<104> but was:<18>
	at org.junit.Assert.fail(Assert.java:89)
	at org.junit.Assert.failNotEquals(Assert.java:835)
	at org.junit.Assert.assertEquals(Assert.java:120)
	at org.junit.Assert.assertEquals(Assert.java:146)
	at org.junit.internal.ExactComparisonCriteria.assertElementsEqual(ExactComparisonCriteria.java:8)
	at org.junit.internal.ComparisonCriteria.arrayEquals(ComparisonCriteria.java:76)
	... 37 more

INSTRUMENTATION_STATUS: test=testChecksum
INSTRUMENTATION_STATUS_CODE: -2
INSTRUMENTATION_RESULT: stream=

Time: 0.096
There was 1 failure:
1) testChecksum(com.keepassdroid.tests.output.PwManagerOutputTest)
Hash of groups and entries failed.: arrays first differed at element [0]; expected:<104> but was:<18>
	at org.junit.internal.ComparisonCriteria.arrayEquals(ComparisonCriteria.java:78)
	at org.junit.internal.ComparisonCriteria.arrayEquals(ComparisonCriteria.java:28)
	at org.junit.Assert.internalArrayEquals(Assert.java:534)
	at org.junit.Assert.assertArrayEquals(Assert.java:343)
	at com.keepassdroid.tests.output.PwManagerOutputTest.testChecksum(PwManagerOutputTest.java:88)
	... 32 trimmed
Caused by: java.lang.AssertionError: expected:<104> but was:<18>
	at org.junit.Assert.fail(Assert.java:89)
	at org.junit.Assert.failNotEquals(Assert.java:835)
	at org.junit.Assert.assertEquals(Assert.java:120)
	at org.junit.Assert.assertEquals(Assert.java:146)
	at org.junit.internal.ExactComparisonCriteria.assertElementsEqual(ExactComparisonCriteria.java:8)
	at org.junit.internal.ComparisonCriteria.arrayEquals(ComparisonCriteria.java:76)
	... 37 more

FAILURES!!!
Tests run: 1,  Failures: 1


INSTRUMENTATION_CODE: -1
