INSTRUMENTATION_STATUS: class=com.keepassdroid.tests.output.PwManagerOutputTest
INSTRUMENTATION_STATUS: current=1
INSTRUMENTATION_STATUS: id=AndroidJUnitRunner
INSTRUMENTATION_STATUS: numtests=1
INSTRUMENTATION_STATUS: stream=
com.keepassdroid.tests.output.PwManagerOutputTest:
INSTRUMENTATION_STATUS: test=testPlainContent
INSTRUMENTATION_STATUS_CODE: 1
INSTRUMENTATION_STATUS: class=com.keepassdroid.tests.output.PwManagerOutputTest
INSTRUMENTATION_STATUS: current=1
INSTRUMENTATION_STATUS: id=AndroidJUnitRunner
INSTRUMENTATION_STATUS: numtests=1
INSTRUMENTATION_STATUS: stack=Group and entry output doesn't match.: arrays first differed at element [401]; expected:<6> but was:<4>
	at org.junit.internal.ComparisonCriteria.arrayEquals(ComparisonCriteria.java:78)
	at org.junit.internal.ComparisonCriteria.arrayEquals(ComparisonCriteria.java:28)
	at org.junit.Assert.internalArrayEquals(Assert.java:534)
	at org.junit.Assert.assertArrayEquals(Assert.java:343)
	at com.keepassdroid.tests.output.PwManagerOutputTest.testPlainContent(PwManagerOutputTest.java:70)
	... 32 trimmed
Caused by: java.lang.AssertionError: expected:<6> but was:<4>
	at org.junit.Assert.fail(Assert.java:89)
	at org.junit.Assert.failNotEquals(Assert.java:835)
	at org.junit.Assert.assertEquals(Assert.java:120)
	at org.junit.Assert.assertEquals(Assert.java:146)
	at org.junit.internal.ExactComparisonCriteria.assertElementsEqual(ExactComparisonCriteria.java:8)
	at org.junit.internal.ComparisonCriteria.arrayEquals(ComparisonCriteria.java:76)
	... 37 more

INSTRUMENTATION_STATUS: stream=
Error in testPlainContent(com.keepassdroid.tests.output.PwManagerOutputTest):
Group and entry output doesn't match.: arrays first differed at element [401]; expected:<6> but was:<4>
	at org.junit.internal.ComparisonCriteria.arrayEquals(ComparisonCriteria.java:78)
	at org.junit.internal.ComparisonCriteria.arrayEquals(ComparisonCriteria.java:28)
	at org.junit.Assert.internalArrayEquals(Assert.java:534)
	at org.junit.Assert.assertArrayEquals(Assert.java:343)
	at com.keepassdroid.tests.output.PwManagerOutputTest.testPlainContent(PwManagerOutputTest.java:70)
	... 32 trimmed
Caused by: java.lang.AssertionError: expected:<6> but was:<4>
	at org.junit.Assert.fail(Assert.java:89)
	at org.junit.Assert.failNotEquals(Assert.java:835)
	at org.junit.Assert.assertEquals(Assert.java:120)
	at org.junit.Assert.assertEquals(Assert.java:146)
	at org.junit.internal.ExactComparisonCriteria.assertElementsEqual(ExactComparisonCriteria.java:8)
	at org.junit.internal.ComparisonCriteria.arrayEquals(ComparisonCriteria.java:76)
	... 37 more

INSTRUMENTATION_STATUS: test=testPlainContent
INSTRUMENTATION_STATUS_CODE: -2
INSTRUMENTATION_RESULT: stream=

Time: 0.275
There was 1 failure:
1) testPlainContent(com.keepassdroid.tests.output.PwManagerOutputTest)
Group and entry output doesn't match.: arrays first differed at element [401]; expected:<6> but was:<4>
	at org.junit.internal.ComparisonCriteria.arrayEquals(ComparisonCriteria.java:78)
	at org.junit.internal.ComparisonCriteria.arrayEquals(ComparisonCriteria.java:28)
	at org.junit.Assert.internalArrayEquals(Assert.java:534)
	at org.junit.Assert.assertArrayEquals(Assert.java:343)
	at com.keepassdroid.tests.output.PwManagerOutputTest.testPlainContent(PwManagerOutputTest.java:70)
	... 32 trimmed
Caused by: java.lang.AssertionError: expected:<6> but was:<4>
	at org.junit.Assert.fail(Assert.java:89)
	at org.junit.Assert.failNotEquals(Assert.java:835)
	at org.junit.Assert.assertEquals(Assert.java:120)
	at org.junit.Assert.assertEquals(Assert.java:146)
	at org.junit.internal.ExactComparisonCriteria.assertElementsEqual(ExactComparisonCriteria.java:8)
	at org.junit.internal.ComparisonCriteria.arrayEquals(ComparisonCriteria.java:76)
	... 37 more

FAILURES!!!
Tests run: 1,  Failures: 1


INSTRUMENTATION_CODE: -1
