INSTRUMENTATION_STATUS: class=it.feio.android.omninotes.utils.ReminderHelperTest
INSTRUMENTATION_STATUS: current=1
INSTRUMENTATION_STATUS: id=AndroidJUnitRunner
INSTRUMENTATION_STATUS: numtests=1
INSTRUMENTATION_STATUS: stream=
it.feio.android.omninotes.utils.ReminderHelperTest:
INSTRUMENTATION_STATUS: test=shouldGetRequestCode
INSTRUMENTATION_STATUS_CODE: 1
INSTRUMENTATION_STATUS: class=it.feio.android.omninotes.utils.ReminderHelperTest
INSTRUMENTATION_STATUS: current=1
INSTRUMENTATION_STATUS: id=AndroidJUnitRunner
INSTRUMENTATION_STATUS: numtests=1
INSTRUMENTATION_STATUS: stack=java.lang.AssertionError: expected:<1849990200> but was:<1849991200>
	at org.junit.Assert.fail(Assert.java:89)
	at org.junit.Assert.failNotEquals(Assert.java:835)
	at org.junit.Assert.assertEquals(Assert.java:647)
	at org.junit.Assert.assertEquals(Assert.java:633)
	at it.feio.android.omninotes.utils.ReminderHelperTest.shouldGetRequestCode(ReminderHelperTest.java:41)

INSTRUMENTATION_STATUS: stream=
Error in shouldGetRequestCode(it.feio.android.omninotes.utils.ReminderHelperTest):
java.lang.AssertionError: expected:<1849990200> but was:<1849991200>
	at org.junit.Assert.fail(Assert.java:89)
	at org.junit.Assert.failNotEquals(Assert.java:835)
	at org.junit.Assert.assertEquals(Assert.java:647)
	at org.junit.Assert.assertEquals(Assert.java:633)
	at it.feio.android.omninotes.utils.ReminderHelperTest.shouldGetRequestCode(ReminderHelperTest.java:41)

INSTRUMENTATION_STATUS: test=shouldGetRequestCode
INSTRUMENTATION_STATUS_CODE: -2
INSTRUMENTATION_RESULT: stream=

Time: 0.016
There was 1 failure:
1) shouldGetRequestCode(it.feio.android.omninotes.utils.ReminderHelperTest)
java.lang.AssertionError: expected:<1849990200> but was:<1849991200>
	at org.junit.Assert.fail(Assert.java:89)
	at org.junit.Assert.failNotEquals(Assert.java:835)
	at org.junit.Assert.assertEquals(Assert.java:647)
	at org.junit.Assert.assertEquals(Assert.java:633)
	at it.feio.android.omninotes.utils.ReminderHelperTest.shouldGetRequestCode(ReminderHelperTest.java:41)

FAILURES!!!
Tests run: 1,  Failures: 1


INSTRUMENTATION_CODE: -1
