INSTRUMENTATION_STATUS: class=com.keepassdroid.tests.PwEntryTestV3
INSTRUMENTATION_STATUS: current=1
INSTRUMENTATION_STATUS: id=AndroidJUnitRunner
INSTRUMENTATION_STATUS: numtests=1
INSTRUMENTATION_STATUS: stream=
com.keepassdroid.tests.PwEntryTestV3:
INSTRUMENTATION_STATUS: test=testCreation
INSTRUMENTATION_STATUS_CODE: 1
INSTRUMENTATION_STATUS: class=com.keepassdroid.tests.PwEntryTestV3
INSTRUMENTATION_STATUS: current=1
INSTRUMENTATION_STATUS: id=AndroidJUnitRunner
INSTRUMENTATION_STATUS: numtests=1
INSTRUMENTATION_STATUS: stack=java.lang.AssertionError: Incorrect month. expected:<5> but was:<3>
	at org.junit.Assert.fail(Assert.java:89)
	at org.junit.Assert.failNotEquals(Assert.java:835)
	at org.junit.Assert.assertEquals(Assert.java:647)
	at com.keepassdroid.tests.PwEntryTestV3.testCreation(PwEntryTestV3.java:69)

INSTRUMENTATION_STATUS: stream=
Error in testCreation(com.keepassdroid.tests.PwEntryTestV3):
java.lang.AssertionError: Incorrect month. expected:<5> but was:<3>
	at org.junit.Assert.fail(Assert.java:89)
	at org.junit.Assert.failNotEquals(Assert.java:835)
	at org.junit.Assert.assertEquals(Assert.java:647)
	at com.keepassdroid.tests.PwEntryTestV3.testCreation(PwEntryTestV3.java:69)

INSTRUMENTATION_STATUS: test=testCreation
INSTRUMENTATION_STATUS_CODE: -2
INSTRUMENTATION_RESULT: stream=

Time: 0.092
There was 1 failure:
1) testCreation(com.keepassdroid.tests.PwEntryTestV3)
java.lang.AssertionError: Incorrect month. expected:<5> but was:<3>
	at org.junit.Assert.fail(Assert.java:89)
	at org.junit.Assert.failNotEquals(Assert.java:835)
	at org.junit.Assert.assertEquals(Assert.java:647)
	at com.keepassdroid.tests.PwEntryTestV3.testCreation(PwEntryTestV3.java:69)

FAILURES!!!
Tests run: 1,  Failures: 1


INSTRUMENTATION_CODE: -1
