INSTRUMENTATION_STATUS: class=de.test.antennapod.ui.NavigationDrawerTest
INSTRUMENTATION_STATUS: current=1
INSTRUMENTATION_STATUS: id=AndroidJUnitRunner
INSTRUMENTATION_STATUS: numtests=1
INSTRUMENTATION_STATUS: stream=
de.test.antennapod.ui.NavigationDrawerTest:
INSTRUMENTATION_STATUS: test=testDrawerPreferencesHideSomeElements
INSTRUMENTATION_STATUS_CODE: 1
INSTRUMENTATION_STATUS: class=de.test.antennapod.ui.NavigationDrawerTest
INSTRUMENTATION_STATUS: current=1
INSTRUMENTATION_STATUS: id=AndroidJUnitRunner
INSTRUMENTATION_STATUS: numtests=1
INSTRUMENTATION_STATUS: stack=java.lang.AssertionError: expected:<2> but was:<0>
	at org.junit.Assert.fail(Assert.java:89)
	at org.junit.Assert.failNotEquals(Assert.java:835)
	at org.junit.Assert.assertEquals(Assert.java:647)
	at org.junit.Assert.assertEquals(Assert.java:633)
	at de.test.antennapod.ui.NavigationDrawerTest.testDrawerPreferencesHideSomeElements(NavigationDrawerTest.java:163)

INSTRUMENTATION_STATUS: stream=
Error in testDrawerPreferencesHideSomeElements(de.test.antennapod.ui.NavigationDrawerTest):
java.lang.AssertionError: expected:<2> but was:<0>
	at org.junit.Assert.fail(Assert.java:89)
	at org.junit.Assert.failNotEquals(Assert.java:835)
	at org.junit.Assert.assertEquals(Assert.java:647)
	at org.junit.Assert.assertEquals(Assert.java:633)
	at de.test.antennapod.ui.NavigationDrawerTest.testDrawerPreferencesHideSomeElements(NavigationDrawerTest.java:163)

INSTRUMENTATION_STATUS: test=testDrawerPreferencesHideSomeElements
INSTRUMENTATION_STATUS_CODE: -2
INSTRUMENTATION_RESULT: stream=

Time: 4.912
There was 1 failure:
1) testDrawerPreferencesHideSomeElements(de.test.antennapod.ui.NavigationDrawerTest)
java.lang.AssertionError: expected:<2> but was:<0>
	at org.junit.Assert.fail(Assert.java:89)
	at org.junit.Assert.failNotEquals(Assert.java:835)
	at org.junit.Assert.assertEquals(Assert.java:647)
	at org.junit.Assert.assertEquals(Assert.java:633)
	at de.test.antennapod.ui.NavigationDrawerTest.testDrawerPreferencesHideSomeElements(NavigationDrawerTest.java:163)

FAILURES!!!
Tests run: 1,  Failures: 1


INSTRUMENTATION_CODE: -1
