INSTRUMENTATION_STATUS: class=de.test.antennapod.ui.NavigationDrawerTest
INSTRUMENTATION_STATUS: current=1
INSTRUMENTATION_STATUS: id=AndroidJUnitRunner
INSTRUMENTATION_STATUS: numtests=1
INSTRUMENTATION_STATUS: stream=
de.test.antennapod.ui.NavigationDrawerTest:
INSTRUMENTATION_STATUS: test=testDrawerPreferencesHideCurrentElement
INSTRUMENTATION_STATUS_CODE: 1
INSTRUMENTATION_STATUS: class=de.test.antennapod.ui.NavigationDrawerTest
INSTRUMENTATION_STATUS: current=1
INSTRUMENTATION_STATUS: id=AndroidJUnitRunner
INSTRUMENTATION_STATUS: numtests=1
INSTRUMENTATION_STATUS: stack=java.lang.AssertionError: expected:<1> but was:<0>
	at org.junit.Assert.fail(Assert.java:89)
	at org.junit.Assert.failNotEquals(Assert.java:835)
	at org.junit.Assert.assertEquals(Assert.java:647)
	at org.junit.Assert.assertEquals(Assert.java:633)
	at de.test.antennapod.ui.NavigationDrawerTest.testDrawerPreferencesHideCurrentElement(NavigationDrawerTest.java:228)

INSTRUMENTATION_STATUS: stream=
Error in testDrawerPreferencesHideCurrentElement(de.test.antennapod.ui.NavigationDrawerTest):
java.lang.AssertionError: expected:<1> but was:<0>
	at org.junit.Assert.fail(Assert.java:89)
	at org.junit.Assert.failNotEquals(Assert.java:835)
	at org.junit.Assert.assertEquals(Assert.java:647)
	at org.junit.Assert.assertEquals(Assert.java:633)
	at de.test.antennapod.ui.NavigationDrawerTest.testDrawerPreferencesHideCurrentElement(NavigationDrawerTest.java:228)

INSTRUMENTATION_STATUS: test=testDrawerPreferencesHideCurrentElement
INSTRUMENTATION_STATUS_CODE: -2
INSTRUMENTATION_RESULT: stream=

Time: 6.325
There was 1 failure:
1) testDrawerPreferencesHideCurrentElement(de.test.antennapod.ui.NavigationDrawerTest)
java.lang.AssertionError: expected:<1> but was:<0>
	at org.junit.Assert.fail(Assert.java:89)
	at org.junit.Assert.failNotEquals(Assert.java:835)
	at org.junit.Assert.assertEquals(Assert.java:647)
	at org.junit.Assert.assertEquals(Assert.java:633)
	at de.test.antennapod.ui.NavigationDrawerTest.testDrawerPreferencesHideCurrentElement(NavigationDrawerTest.java:228)

FAILURES!!!
Tests run: 1,  Failures: 1


INSTRUMENTATION_CODE: -1
